[debug] [2026-04-16T15:12:36.073Z] ----------------------------------------------------------------------
[debug] [2026-04-16T15:12:36.077Z] Command:       C:\Program Files\nodejs\node.exe C:\Users\maddi\AppData\Roaming\npm\node_modules\firebase-tools\lib\bin\firebase.js apps:sdkconfig web --project krishna-university-adde8
[debug] [2026-04-16T15:12:36.078Z] CLI Version:   15.11.0
[debug] [2026-04-16T15:12:36.078Z] Platform:      win32
[debug] [2026-04-16T15:12:36.078Z] Node Version:  v24.12.0
[debug] [2026-04-16T15:12:36.078Z] Time:          Thu Apr 16 2026 20:42:36 GMT+0530 (India Standard Time)
[debug] [2026-04-16T15:12:36.078Z] ----------------------------------------------------------------------
[debug] 
[debug] [2026-04-16T15:12:36.082Z] >>> [apiv2][query] GET https://firebase-public.firebaseio.com/cli.json [none]
[debug] [2026-04-16T15:12:36.441Z] > command requires scopes: ["email","openid","https://www.googleapis.com/auth/cloudplatformprojects.readonly","https://www.googleapis.com/auth/firebase","https://www.googleapis.com/auth/cloud-platform"]
[debug] [2026-04-16T15:12:36.441Z] > authorizing via signed-in user (maddikrishna99@gmail.com)
[debug] [2026-04-16T15:12:36.443Z] Checked if tokens are valid: false, expires at: 1776239115818
[debug] [2026-04-16T15:12:36.444Z] Checked if tokens are valid: false, expires at: 1776239115818
[debug] [2026-04-16T15:12:36.444Z] > refreshing access token with scopes: []
[debug] [2026-04-16T15:12:36.447Z] >>> [apiv2][query] POST https://www.googleapis.com/oauth2/v3/token [none]
[debug] [2026-04-16T15:12:36.447Z] >>> [apiv2][body] POST https://www.googleapis.com/oauth2/v3/token [omitted]
[debug] [2026-04-16T15:12:36.640Z] <<< [apiv2][status] POST https://www.googleapis.com/oauth2/v3/token 200
[debug] [2026-04-16T15:12:36.641Z] <<< [apiv2][body] POST https://www.googleapis.com/oauth2/v3/token [omitted]
[debug] [2026-04-16T15:12:36.649Z] >>> [apiv2][query] GET https://firebase.googleapis.com/v1beta1/projects/krishna-university-adde8/webApps pageSize=100
[debug] [2026-04-16T15:12:37.119Z] <<< [apiv2][status] GET https://firebase-public.firebaseio.com/cli.json 200
[debug] [2026-04-16T15:12:37.119Z] <<< [apiv2][body] GET https://firebase-public.firebaseio.com/cli.json {"cloudBuildErrorAfter":1594252800000,"cloudBuildWarnAfter":1590019200000,"defaultNode10After":1594252800000,"minVersion":"3.0.5","node8DeploysDisabledAfter":1613390400000,"node8RuntimeDisabledAfter":1615809600000,"node8WarnAfter":1600128000000}
[debug] [2026-04-16T15:12:37.150Z] <<< [apiv2][status] GET https://firebase.googleapis.com/v1beta1/projects/krishna-university-adde8/webApps 403
[debug] [2026-04-16T15:12:37.150Z] <<< [apiv2][body] GET https://firebase.googleapis.com/v1beta1/projects/krishna-university-adde8/webApps {"error":{"code":403,"message":"The caller does not have permission","status":"PERMISSION_DENIED"}}
[debug] [2026-04-16T15:12:37.151Z] Request to https://firebase.googleapis.com/v1beta1/projects/krishna-university-adde8/webApps?pageSize=100 had HTTP Error: 403, The caller does not have permission
[debug] [2026-04-16T15:12:37.460Z] FirebaseError: Request to https://firebase.googleapis.com/v1beta1/projects/krishna-university-adde8/webApps?pageSize=100 had HTTP Error: 403, The caller does not have permission
    at responseToError (C:\Users\maddi\AppData\Roaming\npm\node_modules\firebase-tools\lib\responseToError.js:53:12)
    at RetryOperation._fn (C:\Users\maddi\AppData\Roaming\npm\node_modules\firebase-tools\lib\apiv2.js:333:77)
    at process.processTicksAndRejections (node:internal/process/task_queues:103:5)
[error] 
[error] Error: Failed to list Firebase WEB apps. See firebase-debug.log for more info.
